<?xml version="1.0" encoding="UTF-8"?>
<Site BuildName="Linux-g++-7"
	BuildStamp="20200226-1256-Experimental"
	Name="Yosua-Martiansia"
	Generator="ctest-3.10.2"
	CompilerName="/usr/bin/g++-7"
	CompilerVersion="7.4.0"
	OSName="Linux"
	Hostname="Yosua-Martiansia"
	OSRelease="5.3.0-40-generic"
	OSVersion="#32~18.04.1-Ubuntu SMP Mon Feb 3 14:05:59 UTC 2020"
	OSPlatform="x86_64"
	Is64Bits="1"
	VendorString="GenuineIntel"
	VendorID="Intel Corporation"
	FamilyID="6"
	ModelID="94"
	ProcessorCacheSize="6144"
	NumberOfLogicalCPU="8"
	NumberOfPhysicalCPU="4"
	TotalVirtualMemory="2047"
	TotalPhysicalMemory="15951"
	LogicalProcessorsPerPhysical="2"
	ProcessorClockFrequency="3102.29"
	>
	<Testing>
		<StartDateTime>Feb 26 19:56 WIB</StartDateTime>
		<StartTestTime>1582721807</StartTestTime>
		<TestList>
			<Test>./tests/Functions_of_Point</Test>
			<Test>./tests/Functions_of_Square</Test>
			<Test>./tests/Functions_of_Circle</Test>
			<Test>./tests/Functions_of_a_rectangle</Test>
			<Test>./tests/Functions_of_Cross</Test>
		</TestList>
		<Test Status="passed">
			<Name>Functions of Point</Name>
			<Path>./tests</Path>
			<FullName>./tests/Functions_of_Point</FullName>
			<FullCommandLine>/home/yosua/Projects/CSCI251/A2/C++/build/tests/test_all "Functions of Point"</FullCommandLine>
			<Results>
				<NamedMeasurement type="numeric/double" name="Execution Time">
					<Value>0.00712681</Value>
				</NamedMeasurement>
				<NamedMeasurement type="numeric/double" name="Processors">
					<Value>1</Value>
				</NamedMeasurement>
				<NamedMeasurement type="text/string" name="Completion Status">
					<Value>Completed</Value>
				</NamedMeasurement>
				<NamedMeasurement type="text/string" name="Command Line">
					<Value>/home/yosua/Projects/CSCI251/A2/C++/build/tests/test_all "Functions of Point"</Value>
				</NamedMeasurement>
				<Measurement>
					<Value encoding="base64" compression="gzip">eJxzy8wpSS0qtlJwK81LLsnMzytWyE9TCMjPzCvhsqUu4HLMyVEoSS0uKVYoSCwuTk1R0DBSADGKIPZm5ikYguUVkhOLUzW5uADMbS0F====</Value>
				</Measurement>
			</Results>
		</Test>
		<Test Status="passed">
			<Name>Functions of Square</Name>
			<Path>./tests</Path>
			<FullName>./tests/Functions_of_Square</FullName>
			<FullCommandLine>/home/yosua/Projects/CSCI251/A2/C++/build/tests/test_all "Functions of Square"</FullCommandLine>
			<Results>
				<NamedMeasurement type="numeric/double" name="Execution Time">
					<Value>0.00498581</Value>
				</NamedMeasurement>
				<NamedMeasurement type="numeric/double" name="Processors">
					<Value>1</Value>
				</NamedMeasurement>
				<NamedMeasurement type="text/string" name="Completion Status">
					<Value>Completed</Value>
				</NamedMeasurement>
				<NamedMeasurement type="text/string" name="Command Line">
					<Value>/home/yosua/Projects/CSCI251/A2/C++/build/tests/test_all "Functions of Square"</Value>
				</NamedMeasurement>
				<Measurement>
					<Value encoding="base64" compression="gzip">eJxzy8wpSS0qtlJwK81LLsnMzytWyE9TCC4sTSxK5bKlLuByzMlRKEktLilWKEgsLk5NUdAwNFUAsYogNmfmKRiCFSgkJxananJxAQA07C2g====</Value>
				</Measurement>
			</Results>
		</Test>
		<Test Status="passed">
			<Name>Functions of Circle</Name>
			<Path>./tests</Path>
			<FullName>./tests/Functions_of_Circle</FullName>
			<FullCommandLine>/home/yosua/Projects/CSCI251/A2/C++/build/tests/test_all "Functions of Circle"</FullCommandLine>
			<Results>
				<NamedMeasurement type="numeric/double" name="Execution Time">
					<Value>0.00596499</Value>
				</NamedMeasurement>
				<NamedMeasurement type="numeric/double" name="Processors">
					<Value>1</Value>
				</NamedMeasurement>
				<NamedMeasurement type="text/string" name="Completion Status">
					<Value>Completed</Value>
				</NamedMeasurement>
				<NamedMeasurement type="text/string" name="Command Line">
					<Value>/home/yosua/Projects/CSCI251/A2/C++/build/tests/test_all "Functions of Circle"</Value>
				</NamedMeasurement>
				<Measurement>
					<Value encoding="base64" compression="gzip">eJxzy8wpSS0qtlJwK81LLsnMzytWyE9TcM4sSs5J5bKlLuByzMlRKEktLilWKEgsLk5NUdAwtlAAsYogNmfmKRiCFSgkJxananJxAQAlLC2G====</Value>
				</Measurement>
			</Results>
		</Test>
		<Test Status="passed">
			<Name>Functions of a rectangle</Name>
			<Path>./tests</Path>
			<FullName>./tests/Functions_of_a_rectangle</FullName>
			<FullCommandLine>/home/yosua/Projects/CSCI251/A2/C++/build/tests/test_all "Functions of a rectangle"</FullCommandLine>
			<Results>
				<NamedMeasurement type="numeric/double" name="Execution Time">
					<Value>0.00727296</Value>
				</NamedMeasurement>
				<NamedMeasurement type="numeric/double" name="Processors">
					<Value>1</Value>
				</NamedMeasurement>
				<NamedMeasurement type="text/string" name="Completion Status">
					<Value>Completed</Value>
				</NamedMeasurement>
				<NamedMeasurement type="text/string" name="Command Line">
					<Value>/home/yosua/Projects/CSCI251/A2/C++/build/tests/test_all "Functions of a rectangle"</Value>
				</NamedMeasurement>
				<Measurement>
					<Value encoding="base64" compression="gzip">eJxzy8wpSS0qtlJwK81LLsnMzytWyE9TSFQoSk0uScxLz0nlsqUu4HLMyVEoSS0uKVYoSCwuTk1R0DC0VACxiiDWZ+YpGIIVKCQnFqdqcnEBAFMxL2k=</Value>
				</Measurement>
			</Results>
		</Test>
		<Test Status="passed">
			<Name>Functions of Cross</Name>
			<Path>./tests</Path>
			<FullName>./tests/Functions_of_Cross</FullName>
			<FullCommandLine>/home/yosua/Projects/CSCI251/A2/C++/build/tests/test_all "Functions of Cross"</FullCommandLine>
			<Results>
				<NamedMeasurement type="numeric/double" name="Execution Time">
					<Value>0.00472403</Value>
				</NamedMeasurement>
				<NamedMeasurement type="numeric/double" name="Processors">
					<Value>1</Value>
				</NamedMeasurement>
				<NamedMeasurement type="text/string" name="Completion Status">
					<Value>Completed</Value>
				</NamedMeasurement>
				<NamedMeasurement type="text/string" name="Command Line">
					<Value>/home/yosua/Projects/CSCI251/A2/C++/build/tests/test_all "Functions of Cross"</Value>
				</NamedMeasurement>
				<Measurement>
					<Value encoding="base64" compression="gzip">eJxzy8wpSS0qtlJwK81LLsnMzytWyE9TcC7KLy7msqUu4HLMyVEoSS0uKVYoSCwuTk1R0DA2VwCxiiAWZ+YpGIIVKCQnFqdqcnEBAPZdLT0=</Value>
				</Measurement>
			</Results>
		</Test>
		<EndDateTime>Feb 26 19:56 WIB</EndDateTime>
		<EndTestTime>1582721807</EndTestTime>
		<ElapsedMinutes>0</ElapsedMinutes>
	</Testing>
</Site>
